<?xml version="1.0" encoding="UTF-8"?>
<!-- Generated by org.testng.reporters.JUnitXMLReporter -->
<testsuite hostname="DESKTOP-3OT0JK6" ignored="0" name="Test" tests="10" failures="0" timestamp="29 Sep 2020 08:25:21 GMT" time="0.121" errors="0">
  <testcase name="test1" time="0.015" classname="testNGListner.TestNGListnersDemo2"/>
  <testcase name="test10" time="0.014" classname="testNGListner.TestNGListnersDemo3"/>
  <testcase name="test2" time="0.002" classname="testNGListner.TestNGListnersDemo2"/>
  <testcase name="test11" time="0.003" classname="testNGListner.TestNGListnersDemo3">
    <skipped/>
  </testcase> <!-- test11 -->
  <testcase name="test3" time="0.008" classname="testNGListner.TestNGListnersDemo2"/>
  <testcase name="test7" time="0.005" classname="testNGListner.TestNGListnersDemo3"/>
  <testcase name="test4" time="0.004" classname="testNGListner.TestNGListnersDemo2"/>
  <testcase name="test5" time="0.005" classname="testNGListner.TestNGListnersDemo2">
    <skipped/>
  </testcase> <!-- test5 -->
  <testcase name="test8" time="0.005" classname="testNGListner.TestNGListnersDemo3"/>
  <testcase name="test9" time="0.002" classname="testNGListner.TestNGListnersDemo3"/>
</testsuite> <!-- Test -->
