<?xml version="1.0" encoding="UTF-8"?>
<!-- Generated by org.testng.reporters.JUnitXMLReporter -->
<testsuite hostname="DESKTOP-3OT0JK6" ignored="4" name="Default test(failed)" tests="6" failures="1" timestamp="30 Sep 2020 06:27:57 GMT" time="0.113" errors="0">
  <testcase name="test3" time="0.017" classname="testNGListner.IretyListnerDemo">
    <skipped/>
  </testcase> <!-- test3 -->
  <testcase name="test3" time="0.002" classname="testNGListner.IretyListnerDemo">
    <skipped/>
  </testcase> <!-- test3 -->
  <testcase name="test3" time="0.003" classname="testNGListner.IretyListnerDemo">
    <skipped/>
  </testcase> <!-- test3 -->
  <testcase name="test3" time="0.004" classname="testNGListner.IretyListnerDemo">
    <skipped/>
  </testcase> <!-- test3 -->
  <testcase name="test3" time="0.003" classname="testNGListner.IretyListnerDemo">
    <skipped/>
  </testcase> <!-- test3 -->
  <testcase name="test3" time="0.003" classname="testNGListner.IretyListnerDemo">
    <failure type="java.lang.AssertionError" message="expected [true] but found [false]">
      <![CDATA[java.lang.AssertionError: expected [true] but found [false]
at testNGListner.IretyListnerDemo.test3(IretyListnerDemo.java:23)
... Removed 29 stack frames]]>
    </failure>
  </testcase> <!-- test3 -->
  <testcase name="test2" time="0.0" classname="testNGListner.IretyListnerDemo">
    <ignored/>
  </testcase> <!-- test2 -->
  <testcase name="test4" time="0.0" classname="testNGListner.IretyListnerDemo">
    <ignored/>
  </testcase> <!-- test4 -->
  <testcase name="test5" time="0.0" classname="testNGListner.IretyListnerDemo">
    <ignored/>
  </testcase> <!-- test5 -->
  <testcase name="test1" time="0.0" classname="testNGListner.IretyListnerDemo">
    <ignored/>
  </testcase> <!-- test1 -->
</testsuite> <!-- Default test(failed) -->
